#
# A fatal error has been detected by the Java Runtime Environment:
#
#  EXCEPTION_ACCESS_VIOLATION (0xc0000005) at pc=0x0000000050f32d55, pid=4592, tid=4680
#
# JRE version: 6.0_17-b04
# Java VM: Java HotSpot(TM) 64-Bit Server VM (14.3-b01 mixed mode windows-amd64 )
# Problematic frame:
# C  0x0000000050f32d55
#
# If you would like to submit a bug report, please visit:
#   http://java.sun.com/webapps/bugreport/crash.jsp
# The crash happened outside the Java Virtual Machine in native code.
# See problematic frame for where to report the bug.
#

---------------  T H R E A D  ---------------

Current thread (0x0000000005232800):  JavaThread "Finalizer" daemon [_thread_in_native, id=4680, stack(0x000000000deb0000,0x000000000df30000)]

siginfo: ExceptionCode=0xc0000005, reading address 0x0000000051367550

Registers:
EAX=0x000007fef75547b0, EBX=0x0000000000000000, ECX=0x0000000051367550, EDX=0x000000000df2eeb8
ESP=0x000000000df2ed88, EBP=0x000000000df2edb0, ESI=0x0000000000000001, EDI=0x000000003c12dd30
EIP=0x0000000050f32d55, EFLAGS=0x0000000000010206

Top of Stack: (sp=0x000000000df2ed88)
0x000000000df2ed88:   0000000050e674ba 000000003c147800
0x000000000df2ed98:   000000000df2ef28 0000000005232800
0x000000000df2eda8:   0000000078a5e492 000000000df2ee98
0x000000000df2edb8:   fffffffffffffffe 000000000df2eea8
0x000000000df2edc8:   000000003c147800 0000000000000000
0x000000000df2edd8:   000000000df2eec8 000000000df2eea8
0x000000000df2ede8:   000007fef75547c2 0000000051367550
0x000000000df2edf8:   000000003c147800 0000000000000001
0x000000000df2ee08:   000000003c12dd30 000000003c147800
0x000000000df2ee18:   0000000029461568 0000000000000000
0x000000000df2ee28:   000000000df2ef30 000000000df2eef0
0x000000000df2ee38:   000000000df2eec8 000000002946c0a3
0x000000000df2ee48:   0000000029454e90 0000000000000000
0x000000000df2ee58:   000000000df2ef28 000000000df2eec8
0x000000000df2ee68:   000000000df2ee68 000000003c147800
0x000000000df2ee78:   000000000df2eee0 000000003c1521a0 

Instructions: (pc=0x0000000050f32d55)
0x0000000050f32d45:   48 8d 76 00 48 8d bf 00 00 00 00 48 85 c9 74 0d
0x0000000050f32d55:   0f b7 01 25 ff 0f 00 00 83 f8 0f 74 03 33 c0 c3 


Stack: [0x000000000deb0000,0x000000000df30000],  sp=0x000000000df2ed88,  free space=507k
Native frames: (J=compiled Java code, j=interpreted, Vv=VM code, C=native code)
C  0x0000000050f32d55
C  0xfffffffffffffffe

Java frames: (J=compiled Java code, j=interpreted, Vv=VM code)
j  norsys.netica.NETICA.DeleteStream_ns(JJ)V+0
j  norsys.netica.Streamer.finalize()V+50
v  ~StubRoutines::call_stub
j  java.lang.ref.Finalizer.invokeFinalizeMethod(Ljava/lang/Object;)V+0
j  java.lang.ref.Finalizer.runFinalizer()V+45
j  java.lang.ref.Finalizer.access$100(Ljava/lang/ref/Finalizer;)V+1
j  java.lang.ref.Finalizer$FinalizerThread.run()V+11
v  ~StubRoutines::call_stub

---------------  P R O C E S S  ---------------

Java Threads: ( => current thread )
  0x0000000058d02000 JavaThread "Inactive RequestProcessor thread [Was:TimedSoftReference/org.openide.util.TimedSoftReference]" daemon [_thread_blocked, id=460, stack(0x000000005a3b0000,0x000000005a430000)]
  0x0000000058d00800 JavaThread "Code Analyzer updating thread" [_thread_blocked, id=4876, stack(0x000000004cab0000,0x000000004cb30000)]
  0x0000000058cff800 JavaThread "Code Analyzer updating thread" [_thread_blocked, id=4872, stack(0x000000005a1b0000,0x000000005a230000)]
  0x0000000058cff000 JavaThread "Code Analyzer updating thread" [_thread_blocked, id=4868, stack(0x000000005a080000,0x000000005a100000)]
  0x0000000058cfe000 JavaThread "Active Reference Queue Daemon" daemon [_thread_blocked, id=4860, stack(0x000000005a120000,0x000000005a1a0000)]
  0x0000000058cfd800 JavaThread "Timer-5" daemon [_thread_blocked, id=4856, stack(0x0000000059c80000,0x0000000059d00000)]
  0x0000000058cfd000 JavaThread "Timer-4" daemon [_thread_blocked, id=4844, stack(0x0000000059fb0000,0x000000005a030000)]
  0x0000000058cfb800 JavaThread "Explorer NavigationContext request queue" [_thread_blocked, id=4824, stack(0x0000000059dd0000,0x0000000059e50000)]
  0x0000000058cfa000 JavaThread "AddressBar directory emptiness poller" [_thread_blocked, id=4812, stack(0x00000000252a0000,0x0000000025320000)]
  0x0000000058cf8800 JavaThread "Timer-1" [_thread_blocked, id=4804, stack(0x0000000064120000,0x00000000641a0000)]
  0x0000000058cf7800 JavaThread "TimerQueue" daemon [_thread_blocked, id=4780, stack(0x0000000025340000,0x00000000253c0000)]
  0x0000000058cf7000 JavaThread "FelixPackageAdmin" daemon [_thread_blocked, id=4776, stack(0x00000000211d0000,0x0000000021250000)]
  0x0000000058cf6800 JavaThread "FelixStartLevel" daemon [_thread_blocked, id=4772, stack(0x0000000020fa0000,0x0000000021020000)]
  0x0000000058cf5800 JavaThread "FelixDispatchQueue" daemon [_thread_blocked, id=4768, stack(0x0000000021070000,0x00000000210f0000)]
  0x000000000f8f6000 JavaThread "AWT-EventQueue-0" [_thread_blocked, id=4760, stack(0x000000000ff70000,0x000000000fff0000)]
  0x000000000f998800 JavaThread "com.google.common.base.internal.Finalizer" daemon [_thread_blocked, id=4744, stack(0x000000000fb30000,0x000000000fbb0000)]
  0x000000000f77e000 JavaThread "AWT-Windows" daemon [_thread_in_native, id=4736, stack(0x000000000e2e0000,0x000000000e360000)]
  0x000000000f77d800 JavaThread "AWT-Shutdown" [_thread_blocked, id=4732, stack(0x000000000e130000,0x000000000e1b0000)]
  0x000000000f77d000 JavaThread "Java2D Disposer" daemon [_thread_blocked, id=4728, stack(0x000000000e3a0000,0x000000000e420000)]
  0x000000000f5b5800 JavaThread "Timer-0" [_thread_blocked, id=4716, stack(0x000000000de20000,0x000000000dea0000)]
  0x000000000f444000 JavaThread "EventMgr Dispatcher" daemon [_thread_in_native, id=4644, stack(0x0000000010e60000,0x0000000014e60000)]
  0x0000000005251800 JavaThread "Low Memory Detector" daemon [_thread_blocked, id=4696, stack(0x000000000e250000,0x000000000e2d0000)]
  0x0000000005250800 JavaThread "CompilerThread1" daemon [_thread_blocked, id=4692, stack(0x00000000489a0000,0x000000004c9a0000)]
  0x000000000524a000 JavaThread "CompilerThread0" daemon [_thread_blocked, id=4688, stack(0x0000000044960000,0x0000000048960000)]
  0x0000000005247000 JavaThread "Attach Listener" daemon [_thread_blocked, id=4684, stack(0x000000000d850000,0x000000000d8d0000)]
=>0x0000000005232800 JavaThread "Finalizer" daemon [_thread_in_native, id=4680, stack(0x000000000deb0000,0x000000000df30000)]
  0x0000000005228000 JavaThread "Reference Handler" daemon [_thread_blocked, id=4676, stack(0x000000000dda0000,0x000000000de20000)]
  0x000000000535f000 JavaThread "main" [_thread_in_native, id=4596, stack(0x00000000001c0000,0x00000000041c0000)]

Other Threads:
  0x0000000005223000 VMThread [stack: 0x00000000408e0000,0x00000000448e0000] [id=4672]
  0x000000000525e800 WatcherThread [stack: 0x000000004cb30000,0x0000000050b30000] [id=4700]

VM state:not at safepoint (normal execution)

VM Mutex/Monitor currently owned by a thread: None

Heap
 def new generation   total 14848K, used 882K [0x000000002c450000, 0x000000002d460000, 0x000000002f550000)
  eden space 13248K,   0% used [0x000000002c450000, 0x000000002c470730, 0x000000002d140000)
  from space 1600K,  47% used [0x000000002d140000, 0x000000002d1fc328, 0x000000002d2d0000)
  to   space 1600K,   0% used [0x000000002d2d0000, 0x000000002d2d0000, 0x000000002d460000)
 tenured generation   total 49152K, used 34841K [0x000000002f550000, 0x0000000032550000, 0x0000000038850000)
   the space 49152K,  70% used [0x000000002f550000, 0x0000000031756708, 0x0000000031756800, 0x0000000032550000)
 compacting perm gen  total 59584K, used 59486K [0x0000000038850000, 0x000000003c280000, 0x0000000040850000)
   the space 59584K,  99% used [0x0000000038850000, 0x000000003c267b18, 0x000000003c267c00, 0x000000003c280000)
No shared spaces configured.

Dynamic libraries:
0x000000013f320000 - 0x000000013f352000 	C:\Program Files\MATLAB\R2012a\bin\win64\MATLAB.exe
0x00000000779a0000 - 0x0000000077b49000 	C:\Windows\SYSTEM32\ntdll.dll
0x0000000077720000 - 0x000000007783f000 	C:\Windows\system32\kernel32.dll
0x000007fefdfb0000 - 0x000007fefe01c000 	C:\Windows\system32\KERNELBASE.dll
0x0000000074460000 - 0x0000000074554000 	C:\Program Files\MATLAB\R2012a\bin\win64\libut.dll
0x00000000758a0000 - 0x0000000075952000 	C:\Program Files\MATLAB\R2012a\bin\win64\libmwi18n.dll
0x0000000180000000 - 0x000000018000b000 	C:\Program Files\MATLAB\R2012a\bin\win64\libmwresource_core.dll
0x00000000733e0000 - 0x00000000734b3000 	C:\Windows\WinSxS\amd64_microsoft.vc90.crt_1fc8b3b9a1e18e3b_9.0.30729.4940_none_08e4299fa83d7e3c\MSVCP90.dll
0x0000000073340000 - 0x00000000733dd000 	C:\Windows\WinSxS\amd64_microsoft.vc90.crt_1fc8b3b9a1e18e3b_9.0.30729.4940_none_08e4299fa83d7e3c\MSVCR90.dll
0x000000007a170000 - 0x000000007a19c000 	C:\Program Files\MATLAB\R2012a\bin\win64\boost_filesystem-vc90-mt-1_44.dll
0x000000007a560000 - 0x000000007a569000 	C:\Program Files\MATLAB\R2012a\bin\win64\boost_system-vc90-mt-1_44.dll
0x000007fefe3e0000 - 0x000007fefe4bb000 	C:\Windows\system32\ADVAPI32.dll
0x000007fefec10000 - 0x000007fefecaf000 	C:\Windows\system32\msvcrt.dll
0x000007fefed40000 - 0x000007fefed5f000 	C:\Windows\SYSTEM32\sechost.dll
0x000007fefeac0000 - 0x000007fefebed000 	C:\Windows\system32\RPCRT4.dll
0x000000007a010000 - 0x000000007a035000 	C:\Program Files\MATLAB\R2012a\bin\win64\LIBEXPAT.dll
0x000000006e4c0000 - 0x000000006e6b1000 	C:\Program Files\MATLAB\R2012a\bin\win64\icuin44.dll
0x000000006e880000 - 0x000000006e9f1000 	C:\Program Files\MATLAB\R2012a\bin\win64\icuuc44.dll
0x0000000010000000 - 0x0000000010e41000 	C:\Program Files\MATLAB\R2012a\bin\win64\icudt44.dll
0x0000000073f70000 - 0x00000000740ad000 	C:\Program Files\MATLAB\R2012a\bin\win64\libmwfl.dll
0x0000000004380000 - 0x0000000004676000 	C:\Program Files\MATLAB\R2012a\bin\win64\libmwMATLAB_res.dll
0x000000007a3b0000 - 0x000000007a3c0000 	C:\Program Files\MATLAB\R2012a\bin\win64\boost_date_time-vc90-mt-1_44.dll
0x000000007a250000 - 0x000000007a263000 	C:\Program Files\MATLAB\R2012a\bin\win64\boost_signals-vc90-mt-1_44.dll
0x000000007a2d0000 - 0x000000007a2e2000 	C:\Program Files\MATLAB\R2012a\bin\win64\boost_thread-vc90-mt-1_44.dll
0x00000000041c0000 - 0x0000000004206000 	C:\Program Files\MATLAB\R2012a\bin\win64\tbb.dll
0x000007fefebf0000 - 0x000007fefec09000 	C:\Windows\system32\imagehlp.dll
0x0000000077b60000 - 0x0000000077b67000 	C:\Windows\system32\PSAPI.DLL
0x0000000070050000 - 0x0000000070063000 	C:\Program Files\MATLAB\R2012a\bin\win64\icuio44.dll
0x000007fefa050000 - 0x000007fefa175000 	C:\Windows\system32\dbghelp.dll
0x00000000774d0000 - 0x00000000775ca000 	C:\Windows\system32\USER32.dll
0x000007fefe970000 - 0x000007fefe9d7000 	C:\Windows\system32\GDI32.dll
0x000007feffca0000 - 0x000007feffcae000 	C:\Windows\system32\LPK.dll
0x000007fefe720000 - 0x000007fefe7e9000 	C:\Windows\system32\USP10.dll
0x000000007bed0000 - 0x000000007c183000 	C:\Program Files\MATLAB\R2012a\bin\win64\libmwservices.dll
0x0000000075a20000 - 0x0000000075ae2000 	C:\Program Files\MATLAB\R2012a\bin\win64\libmx.dll
0x000000007a210000 - 0x000000007a228000 	C:\Program Files\MATLAB\R2012a\bin\win64\zlib1.dll
0x0000000004230000 - 0x0000000004251000 	C:\Program Files\MATLAB\R2012a\bin\win64\libmwmfl_scalar.dll
0x0000000075f10000 - 0x0000000075f5d000 	C:\Program Files\MATLAB\R2012a\bin\win64\mpath.dll
0x000000007b680000 - 0x000000007bbe1000 	C:\Program Files\MATLAB\R2012a\bin\win64\mlutil.dll
0x000000006f0e0000 - 0x000000006f15f000 	C:\Program Files\MATLAB\R2012a\bin\win64\xmlcore.dll
0x000000007bc30000 - 0x000000007be83000 	C:\Program Files\MATLAB\R2012a\bin\win64\xerces-c_2_7.dll
0x000007fefece0000 - 0x000007fefed2d000 	C:\Windows\system32\WS2_32.dll
0x000007fefed30000 - 0x000007fefed38000 	C:\Windows\system32\NSI.dll
0x00000000046b0000 - 0x00000000046ca000 	C:\Program Files\MATLAB\R2012a\bin\win64\libmwMATLAB_settings_res.dll
0x00000000046e0000 - 0x0000000004727000 	C:\Program Files\MATLAB\R2012a\bin\win64\boost_serialization-vc90-mt-1_44.dll
0x000007fefee70000 - 0x000007feffbf8000 	C:\Windows\system32\SHELL32.dll
0x000007fefe8f0000 - 0x000007fefe961000 	C:\Windows\system32\SHLWAPI.dll
0x000007fef77d0000 - 0x000007fef7870000 	C:\Windows\WinSxS\amd64_microsoft.windows.common-controls_6595b64144ccf1df_5.82.7601.17514_none_a4d6a923711520a9\COMCTL32.dll
0x000007fefe7f0000 - 0x000007fefe887000 	C:\Windows\system32\COMDLG32.dll
0x000007fefbef0000 - 0x000007fefbf06000 	C:\Windows\system32\NETAPI32.dll
0x000007fefd2c0000 - 0x000007fefd2cc000 	C:\Windows\system32\netutils.dll
0x000007fefd7e0000 - 0x000007fefd803000 	C:\Windows\system32\srvcli.dll
0x000007fefbed0000 - 0x000007fefbee5000 	C:\Windows\system32\wkscli.dll
0x000007fefe1d0000 - 0x000007fefe3d3000 	C:\Windows\system32\ole32.dll
0x000007fefe9e0000 - 0x000007fefeab7000 	C:\Windows\system32\OLEAUT32.dll
0x0000000074970000 - 0x0000000074b06000 	C:\Program Files\MATLAB\R2012a\bin\win64\mcr.dll
0x0000000075000000 - 0x000000007536b000 	C:\Program Files\MATLAB\R2012a\bin\win64\iqm.dll
0x000000006c9f0000 - 0x000000006d211000 	C:\Program Files\MATLAB\R2012a\bin\win64\m_interpreter.dll
0x0000000070020000 - 0x0000000070045000 	C:\Program Files\MATLAB\R2012a\bin\win64\libmex.dll
0x000000006eee0000 - 0x000000006ef93000 	C:\Program Files\MATLAB\R2012a\bin\win64\m_dispatcher.dll
0x0000000074880000 - 0x000000007496d000 	C:\Program Files\MATLAB\R2012a\bin\win64\boost_regex-vc90-mt-1_44.dll
0x000000006e430000 - 0x000000006e4b4000 	C:\Program Files\MATLAB\R2012a\bin\win64\profiler.dll
0x00000000047b0000 - 0x0000000004a05000 	C:\Program Files\MATLAB\R2012a\bin\win64\libmwmathutil.dll
0x0000000079f40000 - 0x0000000079f6d000 	C:\Program Files\MATLAB\R2012a\bin\win64\libmwmathrng.dll
0x0000000074c10000 - 0x0000000074ced000 	C:\Program Files\MATLAB\R2012a\bin\win64\libmwmathcore.dll
0x0000000076160000 - 0x00000000761cb000 	C:\Program Files\MATLAB\R2012a\bin\win64\libmwspmatrix.dll
0x0000000075ea0000 - 0x0000000075f02000 	C:\Program Files\MATLAB\R2012a\bin\win64\libmwcholmod.dll
0x000000007a460000 - 0x000000007a46d000 	C:\Program Files\MATLAB\R2012a\bin\win64\libmwamd.dll
0x000000007a4b0000 - 0x000000007a4bc000 	C:\Program Files\MATLAB\R2012a\bin\win64\libmwcolamd.dll
0x0000000070000000 - 0x0000000070019000 	C:\Program Files\MATLAB\R2012a\bin\win64\libmwblas.dll
0x000000006f0c0000 - 0x000000006f0d2000 	C:\Program Files\MATLAB\R2012a\bin\win64\libmwbinder.dll
0x000000006f0b0000 - 0x000000006f0bb000 	C:\Program Files\MATLAB\R2012a\bin\win64\libmwompwrapper.dll
0x000000006e3a0000 - 0x000000006e426000 	C:\Program Files\MATLAB\R2012a\bin\win64\libmwlapack.dll
0x000000006eeb0000 - 0x000000006eed1000 	C:\Program Files\MATLAB\R2012a\bin\win64\m_pcodeio.dll
0x0000000079b10000 - 0x0000000079b77000 	C:\Program Files\MATLAB\R2012a\bin\win64\m_ir.dll
0x000000006c3a0000 - 0x000000006c9f0000 	C:\Program Files\MATLAB\R2012a\bin\win64\m_parser.dll
0x000000006f090000 - 0x000000006f0aa000 	C:\Program Files\MATLAB\R2012a\bin\win64\ir_xfmr.dll
0x000000006e120000 - 0x000000006e399000 	C:\Program Files\MATLAB\R2012a\bin\win64\mcos.dll
0x000000006eea0000 - 0x000000006eeac000 	C:\Program Files\MATLAB\R2012a\bin\win64\mtok.dll
0x000000006e0e0000 - 0x000000006e111000 	C:\Program Files\MATLAB\R2012a\bin\win64\m_pcodegen.dll
0x0000000079fb0000 - 0x0000000079fe7000 	C:\Program Files\MATLAB\R2012a\bin\win64\libmwbridge.dll
0x000000006e010000 - 0x000000006e0d8000 	C:\Program Files\MATLAB\R2012a\bin\win64\udd.dll
0x000000006deb0000 - 0x000000006e002000 	C:\Program Files\MATLAB\R2012a\bin\win64\libmwgui.dll
0x000000006ee80000 - 0x000000006ee97000 	C:\Program Files\MATLAB\R2012a\bin\win64\graphics_util.dll
0x000000006b9f0000 - 0x000000006c393000 	C:\Program Files\MATLAB\R2012a\bin\win64\hg.dll
0x0000000004b80000 - 0x0000000004be7000 	C:\Program Files\MATLAB\R2012a\bin\win64\libmat.dll
0x0000000072d30000 - 0x0000000072f44000 	C:\Program Files\MATLAB\R2012a\bin\win64\hdf5dll.dll
0x0000000075710000 - 0x00000000757c1000 	C:\Program Files\MATLAB\R2012a\bin\win64\jmi.dll
0x0000000004c20000 - 0x0000000004c2e000 	C:\Program Files\MATLAB\R2012a\bin\win64\nativejava_services.dll
0x000000006de60000 - 0x000000006dea2000 	C:\Program Files\MATLAB\R2012a\bin\win64\libmwhardcopy.dll
0x000000006de00000 - 0x000000006de5a000 	C:\Program Files\MATLAB\R2012a\bin\win64\libuij.dll
0x000000006d310000 - 0x000000006d51c000 	C:\Program Files\MATLAB\R2012a\bin\win64\hgdatatypes.dll
0x000000006b8f0000 - 0x000000006b9ed000 	C:\Program Files\MATLAB\R2012a\bin\win64\hgutils.dll
0x000000006b830000 - 0x000000006b8ed000 	C:\Program Files\MATLAB\R2012a\bin\win64\udd_mi.dll
0x0000000004c90000 - 0x0000000004ccb000 	C:\Program Files\MATLAB\R2012a\bin\win64\libmwgbtutils.dll
0x0000000004ce0000 - 0x0000000004cf9000 	C:\Program Files\MATLAB\R2012a\bin\win64\libmwgbt.dll
0x0000000004d10000 - 0x0000000004fda000 	C:\Program Files\MATLAB\R2012a\bin\win64\uiw.dll
0x000000006ee70000 - 0x000000006ee7f000 	C:\Program Files\MATLAB\R2012a\bin\win64\uinone.dll
0x000007fef83b0000 - 0x000007fef83c8000 	C:\Windows\system32\MPR.dll
0x00000000726c0000 - 0x0000000072ba4000 	C:\Windows\WinSxS\amd64_microsoft.vc90.mfc_1fc8b3b9a1e18e3b_9.0.30729.4148_none_04480933ab2137b1\mfc90.dll
0x000007fef8360000 - 0x000007fef8367000 	C:\Windows\system32\MSIMG32.dll
0x000007fefa180000 - 0x000007fefa1f1000 	C:\Windows\system32\WINSPOOL.DRV
0x000000006e860000 - 0x000000006e880000 	C:\Program Files\MATLAB\R2012a\bin\win64\mwoles05.DLL
0x000000006d290000 - 0x000000006d30c000 	C:\Program Files\MATLAB\R2012a\bin\win64\comcli.dll
0x0000000071ab0000 - 0x0000000071adf000 	C:\Windows\WinSxS\amd64_microsoft.vc90.atl_1fc8b3b9a1e18e3b_9.0.30729.4148_none_0a1d2fcba76b3f00\ATL90.DLL
0x000000006d280000 - 0x000000006d28c000 	C:\Program Files\MATLAB\R2012a\bin\win64\mlautoregister.dll
0x0000000005030000 - 0x0000000005040000 	C:\Program Files\MATLAB\R2012a\bin\win64\boost_iostreams-vc90-mt-1_44.dll
0x000007fefecb0000 - 0x000007fefecde000 	C:\Windows\system32\IMM32.DLL
0x000007fefed60000 - 0x000007fefee69000 	C:\Windows\system32\MSCTF.dll
0x000007fefc9d0000 - 0x000007fefca26000 	C:\Windows\system32\UxTheme.dll
0x000007fefc5e0000 - 0x000007fefc5f8000 	C:\Windows\system32\dwmapi.dll
0x00000000737e0000 - 0x00000000737ed000 	C:\Windows\WinSxS\amd64_microsoft.vc90.mfcloc_1fc8b3b9a1e18e3b_9.0.30729.4148_none_01c6b44660ce74c3\MFC90ENU.DLL
0x0000000005460000 - 0x0000000005489000 	C:\Program Files\MATLAB\R2012a\bin\win64\tbbmalloc.dll
0x000007fefde00000 - 0x000007fefde0f000 	C:\Windows\system32\profapi.dll
0x000007fef9f10000 - 0x000007fef9f1f000 	C:\Program Files\MATLAB\R2012a\bin\win64\xmlxrcsc.dll
0x000007fefdcf0000 - 0x000007fefdcff000 	C:\Windows\system32\CRYPTBASE.dll
0x000007fefa200000 - 0x000007fefa20f000 	C:\Program Files (x86)\Parallels\Parallels Tools\Services\prl_hook.dll
0x000007fefca30000 - 0x000007fefcc24000 	C:\Windows\WinSxS\amd64_microsoft.windows.common-controls_6595b64144ccf1df_6.0.7601.17514_none_fa396087175ac9ac\comctl32.dll
0x000007fefdc90000 - 0x000007fefdce7000 	C:\Windows\system32\apphelp.dll
0x000007feffc00000 - 0x000007feffc99000 	C:\Windows\system32\CLBCatQ.DLL
0x000007fefc2d0000 - 0x000007fefc3fc000 	C:\Windows\system32\PROPSYS.dll
0x000000006d520000 - 0x000000006d532000 	C:\Windows\system32\snacnp.dll
0x000007fef4b70000 - 0x000007fef4b93000 	C:\Windows\System32\prl_np.dll
0x000007fef74a0000 - 0x000007fef74aa000 	C:\Windows\System32\drprov.dll
0x000007fefdda0000 - 0x000007fefdddd000 	C:\Windows\System32\WINSTA.dll
0x000007fef4b40000 - 0x000007fef4b62000 	C:\Windows\System32\ntlanman.dll
0x000007fef4b20000 - 0x000007fef4b3c000 	C:\Windows\System32\davclnt.dll
0x000007fef7490000 - 0x000007fef749a000 	C:\Windows\System32\DAVHLPR.dll

VM Arguments:
jvm_args: -Xss512k -XX:PermSize=32m -Xms64m -XX:NewRatio=3 -XX:MaxPermSize=128m -Xmx196m -XX:MaxDirectMemorySize=2147400000 -Dsun.java2d.noddraw=true -Dsun.awt.nopixfmt=true -Xshare:off -Xrs -Dsun.awt.disableMixing=true -Djava.library.path=C:\NeticaJ_API\NeticaJ_504\bin\x64_bin;C:\Program Files\MATLAB\R2012a\bin\win64 vfprintf abort 
java_command: <unknown>
Launcher Type: generic

Environment Variables:
PATH=C:\Program Files (x86)\Parallels\Parallels Tools\Applications;C:\python27;C:\Program Files (x86)\Intel\Composer XE 2011 SP1\redist\intel64\mkl;C:\Program Files (x86)\Intel\Composer XE 2011 SP1\redist\ia32\mkl;C:\Program Files (x86)\Common Files\Intel\Shared Libraries\redist\intel64\mpirt;C:\Program Files (x86)\Common Files\Intel\Shared Libraries\redist\intel64\compiler;C:\Program Files (x86)\Common Files\Intel\Shared Libraries\redist\ia32\mpirt;C:\Program Files (x86)\Common Files\Intel\Shared Libraries\redist\ia32\compiler;C:\Windows\system32;C:\Windows;C:\Windows\System32\Wbem;C:\Windows\System32\WindowsPowerShell\v1.0;C:\ArcGIS\arcexe10x\bin;ArcToolbox\Scripts_egis\metadata;C:\ArcGIS\gbin;C:\GWV6\;C:\GWV6\gdal\bin;C:\NeticaJ_API\NeticaJ_504\bin\x64_bin;C:\Program Files\MATLAB\R2012a\bin;C:\Python27;C:\Python27\Scripts
USERNAME=mnfienen
OS=Windows_NT
PROCESSOR_IDENTIFIER=Intel64 Family 6 Model 58 Stepping 9, GenuineIntel



---------------  S Y S T E M  ---------------

OS: Windows 7 Build 7601 Service Pack 1

CPU:total 1 (1 cores per cpu, 1 threads per core) family 6 model 58 stepping 9, cmov, cx8, fxsr, mmx, sse, sse2, sse3, ssse3, sse4.1, sse4.2

Memory: 4k page, physical 4193848k(2645952k free), swap 7865988k(6299932k free)

vm_info: Java HotSpot(TM) 64-Bit Server VM (14.3-b01) for windows-amd64 JRE (1.6.0_17-b04), built on Oct 11 2009 00:46:08 by "java_re" with MS VC++ 8.0

time: Thu Nov 15 13:39:36 2012
elapsed time: 93 seconds

