#
# A fatal error has been detected by the Java Runtime Environment:
#
#  EXCEPTION_ACCESS_VIOLATION (0xc0000005) at pc=0x00000000276b2d55, pid=924, tid=2544
#
# JRE version: 6.0_17-b04
# Java VM: Java HotSpot(TM) 64-Bit Server VM (14.3-b01 mixed mode windows-amd64 )
# Problematic frame:
# C  0x00000000276b2d55
#
# If you would like to submit a bug report, please visit:
#   http://java.sun.com/webapps/bugreport/crash.jsp
# The crash happened outside the Java Virtual Machine in native code.
# See problematic frame for where to report the bug.
#

---------------  T H R E A D  ---------------

Current thread (0x00000000055a2800):  JavaThread "Finalizer" daemon [_thread_in_native, id=2544, stack(0x00000000089b0000,0x0000000008a30000)]

siginfo: ExceptionCode=0xc0000005, reading address 0x0000000027e7fb90

Registers:
EAX=0x000007fefb9f47b0, EBX=0x0000000000000000, ECX=0x0000000027e7fb90, EDX=0x0000000008a2ec78
ESP=0x0000000008a2eb48, EBP=0x0000000008a2eb70, ESI=0x0000000000000001, EDI=0x000000003c3cf748
EIP=0x00000000276b2d55, EFLAGS=0x0000000000010206

Top of Stack: (sp=0x0000000008a2eb48)
0x0000000008a2eb48:   00000000275e74ba 0000000005599028
0x0000000008a2eb58:   0000000078a60263 0000000038b9f13b
0x0000000008a2eb68:   0000000008a2ebb0 0000000000000015
0x0000000008a2eb78:   fffffffffffffffe 0000000008a2ebe0
0x0000000008a2eb88:   0000000029735ac2 000000002973ebd8
0x0000000008a2eb98:   000000002c730540 0000000008a2ec68
0x0000000008a2eba8:   000007fefb9f47c2 0000000027e7fb90
0x0000000008a2ebb8:   0000000008a2ec98 000000002973e524
0x0000000008a2ebc8:   0000000029734e90 000000003c3e9218
0x0000000008a2ebd8:   0000000029741568 0000000008a2ec98
0x0000000008a2ebe8:   0000000008a2ec98 000000002973e524
0x0000000008a2ebf8:   0000000029734e90 0000000000000000
0x0000000008a2ec08:   0000000008a2ecd8 0000000008a2ec98
0x0000000008a2ec18:   0000000000000001 0000000008a2ec20
0x0000000008a2ec28:   0000000008a2ec28 0000000000000000
0x0000000008a2ec38:   0000000008a2eca0 000000003c3f3bb8 

Instructions: (pc=0x00000000276b2d55)
0x00000000276b2d45:   48 8d 76 00 48 8d bf 00 00 00 00 48 85 c9 74 0d
0x00000000276b2d55:   0f b7 01 25 ff 0f 00 00 83 f8 0f 74 03 33 c0 c3 


Stack: [0x00000000089b0000,0x0000000008a30000],  sp=0x0000000008a2eb48,  free space=506k
Native frames: (J=compiled Java code, j=interpreted, Vv=VM code, C=native code)
C  0x00000000276b2d55

Java frames: (J=compiled Java code, j=interpreted, Vv=VM code)
j  norsys.netica.NETICA.DeleteStream_ns(JJ)V+0
j  norsys.netica.Streamer.finalize()V+50
v  ~StubRoutines::call_stub
j  java.lang.ref.Finalizer.invokeFinalizeMethod(Ljava/lang/Object;)V+0
j  java.lang.ref.Finalizer.runFinalizer()V+45
j  java.lang.ref.Finalizer.access$100(Ljava/lang/ref/Finalizer;)V+1
j  java.lang.ref.Finalizer$FinalizerThread.run()V+11
v  ~StubRoutines::call_stub

---------------  P R O C E S S  ---------------

Java Threads: ( => current thread )
  0x000000000e401800 JavaThread "Code Analyzer updating thread" [_thread_blocked, id=1556, stack(0x0000000010f40000,0x0000000010fc0000)]
  0x000000000e408000 JavaThread "Code Analyzer updating thread" [_thread_blocked, id=4148, stack(0x000000005d880000,0x000000005d900000)]
  0x000000000e401000 JavaThread "Code Analyzer updating thread" [_thread_blocked, id=2732, stack(0x000000000f330000,0x000000000f3b0000)]
  0x000000000e406800 JavaThread "Active Reference Queue Daemon" daemon [_thread_blocked, id=5096, stack(0x000000004cc50000,0x000000004ccd0000)]
  0x000000000e406000 JavaThread "Timer-5" daemon [_thread_blocked, id=3296, stack(0x0000000054ee0000,0x0000000054f60000)]
  0x000000000e405000 JavaThread "Timer-4" daemon [_thread_blocked, id=4564, stack(0x0000000050e30000,0x0000000050eb0000)]
  0x000000000e403800 JavaThread "Explorer NavigationContext request queue" [_thread_blocked, id=5080, stack(0x0000000050d70000,0x0000000050df0000)]
  0x000000000e400000 JavaThread "AddressBar directory emptiness poller" [_thread_blocked, id=1040, stack(0x00000000213d0000,0x0000000021450000)]
  0x000000000e3ff800 JavaThread "Timer-1" [_thread_blocked, id=856, stack(0x00000000214b0000,0x0000000021530000)]
  0x000000000e3fe800 JavaThread "TimerQueue" daemon [_thread_blocked, id=4852, stack(0x0000000010e80000,0x0000000010f00000)]
  0x000000000e3fe000 JavaThread "AWT-EventQueue-0" [_thread_blocked, id=4768, stack(0x000000000f490000,0x000000000f510000)]
  0x0000000009037000 JavaThread "FelixPackageAdmin" daemon [_thread_blocked, id=4708, stack(0x000000000e0d0000,0x000000000e150000)]
  0x0000000008acb800 JavaThread "FelixStartLevel" daemon [_thread_blocked, id=4864, stack(0x000000000f400000,0x000000000f480000)]
  0x000000000e268800 JavaThread "FelixDispatchQueue" daemon [_thread_blocked, id=4320, stack(0x000000000f2b0000,0x000000000f330000)]
  0x000000000de6f800 JavaThread "AWT-Shutdown" [_thread_blocked, id=620, stack(0x000000000f1e0000,0x000000000f260000)]
  0x000000000de79800 JavaThread "com.google.common.base.internal.Finalizer" daemon [_thread_blocked, id=4848, stack(0x000000000e040000,0x000000000e0c0000)]
  0x000000000de7a800 JavaThread "AWT-Windows" daemon [_thread_in_native, id=3976, stack(0x0000000009700000,0x0000000009780000)]
  0x000000000de79000 JavaThread "Java2D Disposer" daemon [_thread_blocked, id=3692, stack(0x0000000009670000,0x00000000096f0000)]
  0x000000000db0c800 JavaThread "Timer-0" [_thread_blocked, id=4836, stack(0x00000000095b0000,0x0000000009630000)]
  0x000000000da7a800 JavaThread "EventMgr Dispatcher" daemon [_thread_in_native, id=4680, stack(0x0000000011010000,0x0000000015010000)]
  0x00000000055c5800 JavaThread "Low Memory Detector" daemon [_thread_blocked, id=5064, stack(0x0000000008da0000,0x0000000008e20000)]
  0x00000000055c4800 JavaThread "CompilerThread1" daemon [_thread_blocked, id=2004, stack(0x0000000048b90000,0x000000004cb90000)]
  0x00000000055be000 JavaThread "CompilerThread0" daemon [_thread_blocked, id=3672, stack(0x0000000044b70000,0x0000000048b70000)]
  0x00000000055bb000 JavaThread "Attach Listener" daemon [_thread_blocked, id=4284, stack(0x0000000008ca0000,0x0000000008d20000)]
=>0x00000000055a2800 JavaThread "Finalizer" daemon [_thread_in_native, id=2544, stack(0x00000000089b0000,0x0000000008a30000)]
  0x0000000005598000 JavaThread "Reference Handler" daemon [_thread_blocked, id=4592, stack(0x0000000008910000,0x0000000008990000)]
  0x00000000054af000 JavaThread "main" [_thread_in_native, id=4568, stack(0x00000000001a0000,0x00000000041a0000)]

Other Threads:
  0x0000000005593000 VMThread [stack: 0x0000000040b40000,0x0000000044b40000] [id=2380]
  0x00000000055ce800 WatcherThread [stack: 0x000000004ccf0000,0x0000000050cf0000] [id=4872]

VM state:not at safepoint (normal execution)

VM Mutex/Monitor currently owned by a thread: None

Heap
 def new generation   total 14912K, used 835K [0x000000002c730000, 0x000000002d750000, 0x000000002f830000)
  eden space 13312K,   1% used [0x000000002c730000, 0x000000002c759fc0, 0x000000002d430000)
  from space 1600K,  41% used [0x000000002d430000, 0x000000002d4d7010, 0x000000002d5c0000)
  to   space 1600K,   0% used [0x000000002d5c0000, 0x000000002d5c0000, 0x000000002d750000)
 tenured generation   total 49152K, used 33079K [0x000000002f830000, 0x0000000032830000, 0x0000000038b30000)
   the space 49152K,  67% used [0x000000002f830000, 0x000000003187ded8, 0x000000003187e000, 0x0000000032830000)
 compacting perm gen  total 59584K, used 59314K [0x0000000038b30000, 0x000000003c560000, 0x0000000040b30000)
   the space 59584K,  99% used [0x0000000038b30000, 0x000000003c51c898, 0x000000003c51ca00, 0x000000003c560000)
No shared spaces configured.

Dynamic libraries:
0x000000013f0b0000 - 0x000000013f0e2000 	C:\Program Files\MATLAB\R2012a\bin\win64\MATLAB.exe
0x0000000076fa0000 - 0x0000000077149000 	C:\Windows\SYSTEM32\ntdll.dll
0x0000000076a10000 - 0x0000000076b2f000 	C:\Windows\system32\kernel32.dll
0x000007fefd4b0000 - 0x000007fefd51c000 	C:\Windows\system32\KERNELBASE.dll
0x0000000074460000 - 0x0000000074554000 	C:\Program Files\MATLAB\R2012a\bin\win64\libut.dll
0x00000000758a0000 - 0x0000000075952000 	C:\Program Files\MATLAB\R2012a\bin\win64\libmwi18n.dll
0x0000000180000000 - 0x000000018000b000 	C:\Program Files\MATLAB\R2012a\bin\win64\libmwresource_core.dll
0x0000000072850000 - 0x0000000072923000 	C:\Windows\WinSxS\amd64_microsoft.vc90.crt_1fc8b3b9a1e18e3b_9.0.30729.4940_none_08e4299fa83d7e3c\MSVCP90.dll
0x00000000727b0000 - 0x000000007284d000 	C:\Windows\WinSxS\amd64_microsoft.vc90.crt_1fc8b3b9a1e18e3b_9.0.30729.4940_none_08e4299fa83d7e3c\MSVCR90.dll
0x000000007a170000 - 0x000000007a19c000 	C:\Program Files\MATLAB\R2012a\bin\win64\boost_filesystem-vc90-mt-1_44.dll
0x000000007a560000 - 0x000000007a569000 	C:\Program Files\MATLAB\R2012a\bin\win64\boost_system-vc90-mt-1_44.dll
0x000007fefebb0000 - 0x000007fefec8b000 	C:\Windows\system32\ADVAPI32.dll
0x000007fefed10000 - 0x000007fefedaf000 	C:\Windows\system32\msvcrt.dll
0x000007fefedb0000 - 0x000007fefedcf000 	C:\Windows\SYSTEM32\sechost.dll
0x000007fefea80000 - 0x000007fefebad000 	C:\Windows\system32\RPCRT4.dll
0x000000007a010000 - 0x000000007a035000 	C:\Program Files\MATLAB\R2012a\bin\win64\LIBEXPAT.dll
0x000000006fb90000 - 0x000000006fd81000 	C:\Program Files\MATLAB\R2012a\bin\win64\icuin44.dll
0x000000006e100000 - 0x000000006e271000 	C:\Program Files\MATLAB\R2012a\bin\win64\icuuc44.dll
0x0000000010000000 - 0x0000000010e41000 	C:\Program Files\MATLAB\R2012a\bin\win64\icudt44.dll
0x0000000073f70000 - 0x00000000740ad000 	C:\Program Files\MATLAB\R2012a\bin\win64\libmwfl.dll
0x0000000004250000 - 0x0000000004546000 	C:\Program Files\MATLAB\R2012a\bin\win64\libmwMATLAB_res.dll
0x000000007a3b0000 - 0x000000007a3c0000 	C:\Program Files\MATLAB\R2012a\bin\win64\boost_date_time-vc90-mt-1_44.dll
0x000000007a250000 - 0x000000007a263000 	C:\Program Files\MATLAB\R2012a\bin\win64\boost_signals-vc90-mt-1_44.dll
0x000000007a2d0000 - 0x000000007a2e2000 	C:\Program Files\MATLAB\R2012a\bin\win64\boost_thread-vc90-mt-1_44.dll
0x0000000004590000 - 0x00000000045d6000 	C:\Program Files\MATLAB\R2012a\bin\win64\tbb.dll
0x000007fefef40000 - 0x000007fefef59000 	C:\Windows\system32\imagehlp.dll
0x0000000077160000 - 0x0000000077167000 	C:\Windows\system32\PSAPI.DLL
0x00000000045f0000 - 0x0000000004603000 	C:\Program Files\MATLAB\R2012a\bin\win64\icuio44.dll
0x000007fef9670000 - 0x000007fef9795000 	C:\Windows\system32\dbghelp.dll
0x0000000076ea0000 - 0x0000000076f9a000 	C:\Windows\system32\USER32.dll
0x000007fefe930000 - 0x000007fefe997000 	C:\Windows\system32\GDI32.dll
0x000007fefef30000 - 0x000007fefef3e000 	C:\Windows\system32\LPK.dll
0x000007fefe7c0000 - 0x000007fefe889000 	C:\Windows\system32\USP10.dll
0x000000007bed0000 - 0x000000007c183000 	C:\Program Files\MATLAB\R2012a\bin\win64\libmwservices.dll
0x0000000075a20000 - 0x0000000075ae2000 	C:\Program Files\MATLAB\R2012a\bin\win64\libmx.dll
0x000000007a210000 - 0x000000007a228000 	C:\Program Files\MATLAB\R2012a\bin\win64\zlib1.dll
0x0000000004650000 - 0x0000000004671000 	C:\Program Files\MATLAB\R2012a\bin\win64\libmwmfl_scalar.dll
0x0000000075f10000 - 0x0000000075f5d000 	C:\Program Files\MATLAB\R2012a\bin\win64\mpath.dll
0x000000007b680000 - 0x000000007bbe1000 	C:\Program Files\MATLAB\R2012a\bin\win64\mlutil.dll
0x00000000046b0000 - 0x000000000472f000 	C:\Program Files\MATLAB\R2012a\bin\win64\xmlcore.dll
0x000000007bc30000 - 0x000000007be83000 	C:\Program Files\MATLAB\R2012a\bin\win64\xerces-c_2_7.dll
0x000007fefedd0000 - 0x000007fefee1d000 	C:\Windows\system32\WS2_32.dll
0x000007fefeec0000 - 0x000007fefeec8000 	C:\Windows\system32\NSI.dll
0x0000000004750000 - 0x000000000476a000 	C:\Program Files\MATLAB\R2012a\bin\win64\libmwMATLAB_settings_res.dll
0x0000000004780000 - 0x00000000047c7000 	C:\Program Files\MATLAB\R2012a\bin\win64\boost_serialization-vc90-mt-1_44.dll
0x000007fefd9b0000 - 0x000007fefe738000 	C:\Windows\system32\SHELL32.dll
0x000007fefe740000 - 0x000007fefe7b1000 	C:\Windows\system32\SHLWAPI.dll
0x000007fef7000000 - 0x000007fef70a0000 	C:\Windows\WinSxS\amd64_microsoft.windows.common-controls_6595b64144ccf1df_5.82.7601.17514_none_a4d6a923711520a9\COMCTL32.dll
0x000007fefee20000 - 0x000007fefeeb7000 	C:\Windows\system32\COMDLG32.dll
0x000007fefb410000 - 0x000007fefb426000 	C:\Windows\system32\NETAPI32.dll
0x000007fefc8c0000 - 0x000007fefc8cc000 	C:\Windows\system32\netutils.dll
0x000007fefcea0000 - 0x000007fefcec3000 	C:\Windows\system32\srvcli.dll
0x000007fefb3f0000 - 0x000007fefb405000 	C:\Windows\system32\wkscli.dll
0x000007feff070000 - 0x000007feff273000 	C:\Windows\system32\ole32.dll
0x000007fefe9a0000 - 0x000007fefea77000 	C:\Windows\system32\OLEAUT32.dll
0x0000000074970000 - 0x0000000074b06000 	C:\Program Files\MATLAB\R2012a\bin\win64\mcr.dll
0x0000000075000000 - 0x000000007536b000 	C:\Program Files\MATLAB\R2012a\bin\win64\iqm.dll
0x000000006c150000 - 0x000000006c971000 	C:\Program Files\MATLAB\R2012a\bin\win64\m_interpreter.dll
0x0000000004810000 - 0x0000000004835000 	C:\Program Files\MATLAB\R2012a\bin\win64\libmex.dll
0x000000006fe40000 - 0x000000006fef3000 	C:\Program Files\MATLAB\R2012a\bin\win64\m_dispatcher.dll
0x0000000074880000 - 0x000000007496d000 	C:\Program Files\MATLAB\R2012a\bin\win64\boost_regex-vc90-mt-1_44.dll
0x000000006fb00000 - 0x000000006fb84000 	C:\Program Files\MATLAB\R2012a\bin\win64\profiler.dll
0x0000000004880000 - 0x0000000004ad5000 	C:\Program Files\MATLAB\R2012a\bin\win64\libmwmathutil.dll
0x0000000079f40000 - 0x0000000079f6d000 	C:\Program Files\MATLAB\R2012a\bin\win64\libmwmathrng.dll
0x0000000074c10000 - 0x0000000074ced000 	C:\Program Files\MATLAB\R2012a\bin\win64\libmwmathcore.dll
0x0000000076160000 - 0x00000000761cb000 	C:\Program Files\MATLAB\R2012a\bin\win64\libmwspmatrix.dll
0x0000000075ea0000 - 0x0000000075f02000 	C:\Program Files\MATLAB\R2012a\bin\win64\libmwcholmod.dll
0x000000007a460000 - 0x000000007a46d000 	C:\Program Files\MATLAB\R2012a\bin\win64\libmwamd.dll
0x000000007a4b0000 - 0x000000007a4bc000 	C:\Program Files\MATLAB\R2012a\bin\win64\libmwcolamd.dll
0x0000000004b50000 - 0x0000000004b69000 	C:\Program Files\MATLAB\R2012a\bin\win64\libmwblas.dll
0x0000000071800000 - 0x0000000071812000 	C:\Program Files\MATLAB\R2012a\bin\win64\libmwbinder.dll
0x0000000073bd0000 - 0x0000000073bdb000 	C:\Program Files\MATLAB\R2012a\bin\win64\libmwompwrapper.dll
0x000000006f9a0000 - 0x000000006fa26000 	C:\Program Files\MATLAB\R2012a\bin\win64\libmwlapack.dll
0x000000006ffb0000 - 0x000000006ffd1000 	C:\Program Files\MATLAB\R2012a\bin\win64\m_pcodeio.dll
0x0000000079b10000 - 0x0000000079b77000 	C:\Program Files\MATLAB\R2012a\bin\win64\m_ir.dll
0x000000006bb00000 - 0x000000006c150000 	C:\Program Files\MATLAB\R2012a\bin\win64\m_parser.dll
0x0000000070000000 - 0x000000007001a000 	C:\Program Files\MATLAB\R2012a\bin\win64\ir_xfmr.dll
0x000000006dc80000 - 0x000000006def9000 	C:\Program Files\MATLAB\R2012a\bin\win64\mcos.dll
0x0000000072e00000 - 0x0000000072e0c000 	C:\Program Files\MATLAB\R2012a\bin\win64\mtok.dll
0x000000006fa70000 - 0x000000006faa1000 	C:\Program Files\MATLAB\R2012a\bin\win64\m_pcodegen.dll
0x0000000079fb0000 - 0x0000000079fe7000 	C:\Program Files\MATLAB\R2012a\bin\win64\libmwbridge.dll
0x000000006e030000 - 0x000000006e0f8000 	C:\Program Files\MATLAB\R2012a\bin\win64\udd.dll
0x000000006db20000 - 0x000000006dc72000 	C:\Program Files\MATLAB\R2012a\bin\win64\libmwgui.dll
0x000000006ff90000 - 0x000000006ffa7000 	C:\Program Files\MATLAB\R2012a\bin\win64\graphics_util.dll
0x000000006b150000 - 0x000000006baf3000 	C:\Program Files\MATLAB\R2012a\bin\win64\hg.dll
0x0000000004c70000 - 0x0000000004cd7000 	C:\Program Files\MATLAB\R2012a\bin\win64\libmat.dll
0x0000000004cf0000 - 0x0000000004f04000 	C:\Program Files\MATLAB\R2012a\bin\win64\hdf5dll.dll
0x0000000075710000 - 0x00000000757c1000 	C:\Program Files\MATLAB\R2012a\bin\win64\jmi.dll
0x0000000004f30000 - 0x0000000004f3e000 	C:\Program Files\MATLAB\R2012a\bin\win64\nativejava_services.dll
0x000000006f910000 - 0x000000006f952000 	C:\Program Files\MATLAB\R2012a\bin\win64\libmwhardcopy.dll
0x000000006f7a0000 - 0x000000006f7fa000 	C:\Program Files\MATLAB\R2012a\bin\win64\libuij.dll
0x000000006af40000 - 0x000000006b14c000 	C:\Program Files\MATLAB\R2012a\bin\win64\hgdatatypes.dll
0x000000006d8f0000 - 0x000000006d9ed000 	C:\Program Files\MATLAB\R2012a\bin\win64\hgutils.dll
0x000000006cc30000 - 0x000000006cced000 	C:\Program Files\MATLAB\R2012a\bin\win64\udd_mi.dll
0x0000000004fa0000 - 0x0000000004fdb000 	C:\Program Files\MATLAB\R2012a\bin\win64\libmwgbtutils.dll
0x0000000004ff0000 - 0x0000000005009000 	C:\Program Files\MATLAB\R2012a\bin\win64\libmwgbt.dll
0x0000000005020000 - 0x00000000052ea000 	C:\Program Files\MATLAB\R2012a\bin\win64\uiw.dll
0x0000000070420000 - 0x000000007042f000 	C:\Program Files\MATLAB\R2012a\bin\win64\uinone.dll
0x000007fef7e50000 - 0x000007fef7e68000 	C:\Windows\system32\MPR.dll
0x0000000071c10000 - 0x00000000720f4000 	C:\Windows\WinSxS\amd64_microsoft.vc90.mfc_1fc8b3b9a1e18e3b_9.0.30729.4148_none_04480933ab2137b1\mfc90.dll
0x000007fef8540000 - 0x000007fef8547000 	C:\Windows\system32\MSIMG32.dll
0x000007fef97c0000 - 0x000007fef9831000 	C:\Windows\system32\WINSPOOL.DRV
0x000000006fe00000 - 0x000000006fe20000 	C:\Program Files\MATLAB\R2012a\bin\win64\mwoles05.DLL
0x000000006f6d0000 - 0x000000006f74c000 	C:\Program Files\MATLAB\R2012a\bin\win64\comcli.dll
0x00000000700d0000 - 0x00000000700ff000 	C:\Windows\WinSxS\amd64_microsoft.vc90.atl_1fc8b3b9a1e18e3b_9.0.30729.4148_none_0a1d2fcba76b3f00\ATL90.DLL
0x000000006fe30000 - 0x000000006fe3c000 	C:\Program Files\MATLAB\R2012a\bin\win64\mlautoregister.dll
0x0000000005340000 - 0x0000000005350000 	C:\Program Files\MATLAB\R2012a\bin\win64\boost_iostreams-vc90-mt-1_44.dll
0x000007feff280000 - 0x000007feff2ae000 	C:\Windows\system32\IMM32.DLL
0x000007fefef60000 - 0x000007feff069000 	C:\Windows\system32\MSCTF.dll
0x000007fefbfd0000 - 0x000007fefc026000 	C:\Windows\system32\UxTheme.dll
0x000007fefb8a0000 - 0x000007fefb8b8000 	C:\Windows\system32\dwmapi.dll
0x0000000072f50000 - 0x0000000072f5d000 	C:\Windows\WinSxS\amd64_microsoft.vc90.mfcloc_1fc8b3b9a1e18e3b_9.0.30729.4148_none_01c6b44660ce74c3\MFC90ENU.DLL
0x00000000073e0000 - 0x0000000007409000 	C:\Program Files\MATLAB\R2012a\bin\win64\tbbmalloc.dll
0x000007fefd400000 - 0x000007fefd40f000 	C:\Windows\system32\profapi.dll
0x000007fefb350000 - 0x000007fefb35f000 	C:\Program Files\MATLAB\R2012a\bin\win64\xmlxrcsc.dll
0x000007fefd2f0000 - 0x000007fefd2ff000 	C:\Windows\system32\CRYPTBASE.dll
0x000007fef99c0000 - 0x000007fef99cf000 	C:\Program Files (x86)\Parallels\Parallels Tools\Services\prl_hook.dll
0x000007fefc030000 - 0x000007fefc224000 	C:\Windows\WinSxS\amd64_microsoft.windows.common-controls_6595b64144ccf1df_6.0.7601.17514_none_fa396087175ac9ac\comctl32.dll
0x000007fefd290000 - 0x000007fefd2e7000 	C:\Windows\system32\apphelp.dll
0x000007fefe890000 - 0x000007fefe929000 	C:\Windows\system32\CLBCatQ.DLL
0x000007fefb8c0000 - 0x000007fefb9ec000 	C:\Windows\system32\PROPSYS.dll
0x000000006cd60000 - 0x000000006cd72000 	C:\Windows\system32\snacnp.dll
0x000007fef40e0000 - 0x000007fef4103000 	C:\Windows\System32\prl_np.dll
0x000007fef40d0000 - 0x000007fef40da000 	C:\Windows\System32\drprov.dll
0x000007fefd3a0000 - 0x000007fefd3dd000 	C:\Windows\System32\WINSTA.dll
0x000007fef40a0000 - 0x000007fef40c2000 	C:\Windows\System32\ntlanman.dll
0x000007fef4080000 - 0x000007fef409c000 	C:\Windows\System32\davclnt.dll
0x000007fef4570000 - 0x000007fef457a000 	C:\Windows\System32\DAVHLPR.dll

VM Arguments:
jvm_args: -Xss512k -XX:PermSize=32m -Xms64m -XX:NewRatio=3 -XX:MaxPermSize=128m -Xmx196m -XX:MaxDirectMemorySize=2147400000 -Dsun.java2d.noddraw=true -Dsun.awt.nopixfmt=true -Xshare:off -Xrs -Dsun.awt.disableMixing=true -Djava.library.path=C:\NeticaJ_API\NeticaJ_504\bin\x64_bin;C:\Program Files\MATLAB\R2012a\bin\win64 vfprintf abort 
java_command: <unknown>
Launcher Type: generic

Environment Variables:
PATH=C:\Program Files (x86)\Parallels\Parallels Tools\Applications;C:\python27;C:\Program Files (x86)\Intel\Composer XE 2011 SP1\redist\intel64\mkl;C:\Program Files (x86)\Intel\Composer XE 2011 SP1\redist\ia32\mkl;C:\Program Files (x86)\Common Files\Intel\Shared Libraries\redist\intel64\mpirt;C:\Program Files (x86)\Common Files\Intel\Shared Libraries\redist\intel64\compiler;C:\Program Files (x86)\Common Files\Intel\Shared Libraries\redist\ia32\mpirt;C:\Program Files (x86)\Common Files\Intel\Shared Libraries\redist\ia32\compiler;C:\Windows\system32;C:\Windows;C:\Windows\System32\Wbem;C:\Windows\System32\WindowsPowerShell\v1.0;C:\ArcGIS\arcexe10x\bin;ArcToolbox\Scripts_egis\metadata;C:\ArcGIS\gbin;C:\GWV6\;C:\GWV6\gdal\bin;C:\NeticaJ_API\NeticaJ_504\bin\x64_bin;C:\Program Files\MATLAB\R2012a\bin;C:\Python27;C:\Python27\Scripts
USERNAME=mnfienen
OS=Windows_NT
PROCESSOR_IDENTIFIER=Intel64 Family 6 Model 58 Stepping 9, GenuineIntel



---------------  S Y S T E M  ---------------

OS: Windows 7 Build 7601 Service Pack 1

CPU:total 1 (1 cores per cpu, 1 threads per core) family 6 model 58 stepping 9, cmov, cx8, fxsr, mmx, sse, sse2, sse3, ssse3, sse4.1, sse4.2

Memory: 4k page, physical 4193848k(2460572k free), swap 7862548k(6333400k free)

vm_info: Java HotSpot(TM) 64-Bit Server VM (14.3-b01) for windows-amd64 JRE (1.6.0_17-b04), built on Oct 11 2009 00:46:08 by "java_re" with MS VC++ 8.0

time: Thu Nov 15 14:20:33 2012
elapsed time: 649 seconds

