#
# A fatal error has been detected by the Java Runtime Environment:
#
#  EXCEPTION_ACCESS_VIOLATION (0xc0000005) at pc=0x0000000028832d55, pid=4412, tid=4464
#
# JRE version: 6.0_17-b04
# Java VM: Java HotSpot(TM) 64-Bit Server VM (14.3-b01 mixed mode windows-amd64 )
# Problematic frame:
# C  0x0000000028832d55
#
# If you would like to submit a bug report, please visit:
#   http://java.sun.com/webapps/bugreport/crash.jsp
# The crash happened outside the Java Virtual Machine in native code.
# See problematic frame for where to report the bug.
#

---------------  T H R E A D  ---------------

Current thread (0x000000000552d000):  JavaThread "Finalizer" daemon [_thread_in_native, id=4464, stack(0x000000000eb00000,0x000000000eb80000)]

siginfo: ExceptionCode=0xc0000005, reading address 0x00000000289cbbf0

Registers:
EAX=0x000007fef68347b0, EBX=0x0000000000000000, ECX=0x00000000289cbbf0, EDX=0x000000000eb7edb8
ESP=0x000000000eb7ec88, EBP=0x000000000eb7ecb0, ESI=0x0000000000000001, EDI=0x000000003c152e68
EIP=0x0000000028832d55, EFLAGS=0x0000000000010206

Top of Stack: (sp=0x000000000eb7ec88)
0x000000000eb7ec88:   00000000287674ba 000000002c528230
0x000000000eb7ec98:   000000003c28d130 0000000000000001
0x000000000eb7eca8:   000000000eb7edc8 0000000000000000
0x000000000eb7ecb8:   fffffffffffffffe 00000000294aebd8
0x000000000eb7ecc8:   00000000312fb5b0 000000000eb7eda8
0x000000000eb7ecd8:   0000000078c9c63b 000000000eb7eda8
0x000000000eb7ece8:   000007fef68347c2 00000000289cbbf0
0x000000000eb7ecf8:   0000000005529028 0000000000000000
0x000000000eb7ed08:   0000000078aaf55d 000000003c16c938
0x000000000eb7ed18:   00000000294b1568 0000000000000000
0x000000000eb7ed28:   000000000552d000 0000000000000000
0x000000000eb7ed38:   00000000294b1a38 000000000eb7edd0
0x000000000eb7ed48:   00000000388a7828 0000000000000001
0x000000000eb7ed58:   00000000294a5969 00000000294a5ac2
0x000000000eb7ed68:   000000000eb7ed68 0000000000000000
0x000000000eb7ed78:   000000000eb7ede0 000000003c1772d8 

Instructions: (pc=0x0000000028832d55)
0x0000000028832d45:   48 8d 76 00 48 8d bf 00 00 00 00 48 85 c9 74 0d
0x0000000028832d55:   0f b7 01 25 ff 0f 00 00 83 f8 0f 74 03 33 c0 c3 


Stack: [0x000000000eb00000,0x000000000eb80000],  sp=0x000000000eb7ec88,  free space=507k
Native frames: (J=compiled Java code, j=interpreted, Vv=VM code, C=native code)
C  0x0000000028832d55

Java frames: (J=compiled Java code, j=interpreted, Vv=VM code)
j  norsys.netica.NETICA.DeleteStream_ns(JJ)V+0
j  norsys.netica.Streamer.finalize()V+50
v  ~StubRoutines::call_stub
j  java.lang.ref.Finalizer.invokeFinalizeMethod(Ljava/lang/Object;)V+0
j  java.lang.ref.Finalizer.runFinalizer()V+45
j  java.lang.ref.Finalizer.access$100(Ljava/lang/ref/Finalizer;)V+1
j  java.lang.ref.Finalizer$FinalizerThread.run()V+11
v  ~StubRoutines::call_stub

---------------  P R O C E S S  ---------------

Java Threads: ( => current thread )
  0x0000000058d93800 JavaThread "Code Analyzer updating thread" [_thread_blocked, id=4652, stack(0x000000005a530000,0x000000005a5b0000)]
  0x0000000058d92800 JavaThread "Code Analyzer updating thread" [_thread_blocked, id=4648, stack(0x000000005a440000,0x000000005a4c0000)]
  0x0000000058d92000 JavaThread "Code Analyzer updating thread" [_thread_blocked, id=4644, stack(0x000000005a3b0000,0x000000005a430000)]
  0x0000000058d91800 JavaThread "Active Reference Queue Daemon" daemon [_thread_blocked, id=4636, stack(0x000000005a170000,0x000000005a1f0000)]
  0x0000000058d90000 JavaThread "Timer-5" daemon [_thread_blocked, id=4632, stack(0x000000005a0d0000,0x000000005a150000)]
  0x0000000058d8f000 JavaThread "Timer-4" daemon [_thread_blocked, id=4620, stack(0x000000005a290000,0x000000005a310000)]
  0x0000000058d8e800 JavaThread "Explorer NavigationContext request queue" [_thread_blocked, id=4596, stack(0x000000005a200000,0x000000005a280000)]
  0x0000000058d8d000 JavaThread "AddressBar directory emptiness poller" [_thread_blocked, id=4584, stack(0x0000000059f40000,0x0000000059fc0000)]
  0x0000000058d8c000 JavaThread "Timer-1" [_thread_blocked, id=4576, stack(0x0000000059e90000,0x0000000059f10000)]
  0x0000000058d8b800 JavaThread "TimerQueue" daemon [_thread_blocked, id=4564, stack(0x0000000044930000,0x00000000449b0000)]
  0x0000000058d8b000 JavaThread "FelixPackageAdmin" daemon [_thread_blocked, id=4552, stack(0x0000000021220000,0x00000000212a0000)]
  0x0000000058d8a000 JavaThread "FelixStartLevel" daemon [_thread_blocked, id=4548, stack(0x0000000025400000,0x0000000025480000)]
  0x0000000058d89800 JavaThread "FelixDispatchQueue" daemon [_thread_blocked, id=4544, stack(0x0000000025330000,0x00000000253b0000)]
  0x000000000f926000 JavaThread "AWT-EventQueue-0" [_thread_blocked, id=4536, stack(0x0000000015010000,0x0000000015090000)]
  0x000000000f833000 JavaThread "com.google.common.base.internal.Finalizer" daemon [_thread_blocked, id=4516, stack(0x000000000fcc0000,0x000000000fd40000)]
  0x000000000f995000 JavaThread "AWT-Windows" daemon [_thread_in_native, id=4508, stack(0x000000000fd60000,0x000000000fde0000)]
  0x000000000f994000 JavaThread "AWT-Shutdown" [_thread_blocked, id=4504, stack(0x000000000ed80000,0x000000000ee00000)]
  0x000000000f993800 JavaThread "Java2D Disposer" daemon [_thread_blocked, id=4500, stack(0x000000000ea80000,0x000000000eb00000)]
  0x000000000f60c000 JavaThread "Timer-0" [_thread_blocked, id=4488, stack(0x000000000fb20000,0x000000000fba0000)]
  0x000000000f58f800 JavaThread "EventMgr Dispatcher" daemon [_thread_in_native, id=4428, stack(0x0000000010f40000,0x0000000014f40000)]
  0x0000000005551800 JavaThread "Low Memory Detector" daemon [_thread_blocked, id=4480, stack(0x000000000e910000,0x000000000e990000)]
  0x0000000005550800 JavaThread "CompilerThread1" daemon [_thread_blocked, id=4476, stack(0x0000000048a80000,0x000000004ca80000)]
  0x000000000554a000 JavaThread "CompilerThread0" daemon [_thread_blocked, id=4472, stack(0x00000000449f0000,0x00000000489f0000)]
  0x0000000005547000 JavaThread "Attach Listener" daemon [_thread_blocked, id=4468, stack(0x000000000ee50000,0x000000000eed0000)]
=>0x000000000552d000 JavaThread "Finalizer" daemon [_thread_in_native, id=4464, stack(0x000000000eb00000,0x000000000eb80000)]
  0x0000000005528000 JavaThread "Reference Handler" daemon [_thread_blocked, id=4460, stack(0x000000000e9b0000,0x000000000ea30000)]
  0x000000000545f000 JavaThread "main" [_thread_in_native, id=4416, stack(0x00000000001a0000,0x00000000041a0000)]

Other Threads:
  0x0000000005523000 VMThread [stack: 0x00000000408d0000,0x00000000448d0000] [id=4456]
  0x000000000555e800 WatcherThread [stack: 0x000000004cab0000,0x0000000050ab0000] [id=4484]

VM state:not at safepoint (normal execution)

VM Mutex/Monitor currently owned by a thread: None

Heap
 def new generation   total 17024K, used 545K [0x000000002c4a0000, 0x000000002d710000, 0x000000002f5a0000)
  eden space 15168K,   3% used [0x000000002c4a0000, 0x000000002c528590, 0x000000002d370000)
  from space 1856K,   0% used [0x000000002d370000, 0x000000002d370000, 0x000000002d540000)
  to   space 1856K,   0% used [0x000000002d540000, 0x000000002d540000, 0x000000002d710000)
 tenured generation   total 56476K, used 33884K [0x000000002f5a0000, 0x0000000032cc7000, 0x00000000388a0000)
   the space 56476K,  59% used [0x000000002f5a0000, 0x00000000316b7088, 0x00000000316b7200, 0x0000000032cc7000)
 compacting perm gen  total 59904K, used 59863K [0x00000000388a0000, 0x000000003c320000, 0x00000000408a0000)
   the space 59904K,  99% used [0x00000000388a0000, 0x000000003c315cd0, 0x000000003c315e00, 0x000000003c320000)
No shared spaces configured.

Dynamic libraries:
0x000000013f430000 - 0x000000013f462000 	C:\Program Files\MATLAB\R2012a\bin\win64\MATLAB.exe
0x00000000771e0000 - 0x0000000077389000 	C:\Windows\SYSTEM32\ntdll.dll
0x0000000076fc0000 - 0x00000000770df000 	C:\Windows\system32\kernel32.dll
0x000007fefd8c0000 - 0x000007fefd92c000 	C:\Windows\system32\KERNELBASE.dll
0x0000000074460000 - 0x0000000074554000 	C:\Program Files\MATLAB\R2012a\bin\win64\libut.dll
0x00000000758a0000 - 0x0000000075952000 	C:\Program Files\MATLAB\R2012a\bin\win64\libmwi18n.dll
0x0000000180000000 - 0x000000018000b000 	C:\Program Files\MATLAB\R2012a\bin\win64\libmwresource_core.dll
0x0000000072ef0000 - 0x0000000072fc3000 	C:\Windows\WinSxS\amd64_microsoft.vc90.crt_1fc8b3b9a1e18e3b_9.0.30729.4940_none_08e4299fa83d7e3c\MSVCP90.dll
0x0000000072e50000 - 0x0000000072eed000 	C:\Windows\WinSxS\amd64_microsoft.vc90.crt_1fc8b3b9a1e18e3b_9.0.30729.4940_none_08e4299fa83d7e3c\MSVCR90.dll
0x000000007a170000 - 0x000000007a19c000 	C:\Program Files\MATLAB\R2012a\bin\win64\boost_filesystem-vc90-mt-1_44.dll
0x000000007a560000 - 0x000000007a569000 	C:\Program Files\MATLAB\R2012a\bin\win64\boost_system-vc90-mt-1_44.dll
0x000007fefde60000 - 0x000007fefdf3b000 	C:\Windows\system32\ADVAPI32.dll
0x000007feff450000 - 0x000007feff4ef000 	C:\Windows\system32\msvcrt.dll
0x000007fefdca0000 - 0x000007fefdcbf000 	C:\Windows\SYSTEM32\sechost.dll
0x000007fefdd30000 - 0x000007fefde5d000 	C:\Windows\system32\RPCRT4.dll
0x000000007a010000 - 0x000000007a035000 	C:\Program Files\MATLAB\R2012a\bin\win64\LIBEXPAT.dll
0x000000006dfe0000 - 0x000000006e1d1000 	C:\Program Files\MATLAB\R2012a\bin\win64\icuin44.dll
0x000000006e3a0000 - 0x000000006e511000 	C:\Program Files\MATLAB\R2012a\bin\win64\icuuc44.dll
0x0000000010000000 - 0x0000000010e41000 	C:\Program Files\MATLAB\R2012a\bin\win64\icudt44.dll
0x0000000073f70000 - 0x00000000740ad000 	C:\Program Files\MATLAB\R2012a\bin\win64\libmwfl.dll
0x0000000004250000 - 0x0000000004546000 	C:\Program Files\MATLAB\R2012a\bin\win64\libmwMATLAB_res.dll
0x000000007a3b0000 - 0x000000007a3c0000 	C:\Program Files\MATLAB\R2012a\bin\win64\boost_date_time-vc90-mt-1_44.dll
0x000000007a250000 - 0x000000007a263000 	C:\Program Files\MATLAB\R2012a\bin\win64\boost_signals-vc90-mt-1_44.dll
0x000000007a2d0000 - 0x000000007a2e2000 	C:\Program Files\MATLAB\R2012a\bin\win64\boost_thread-vc90-mt-1_44.dll
0x0000000004590000 - 0x00000000045d6000 	C:\Program Files\MATLAB\R2012a\bin\win64\tbb.dll
0x000007fefdc50000 - 0x000007fefdc69000 	C:\Windows\system32\imagehlp.dll
0x00000000773a0000 - 0x00000000773a7000 	C:\Windows\system32\PSAPI.DLL
0x000000006e900000 - 0x000000006e913000 	C:\Program Files\MATLAB\R2012a\bin\win64\icuio44.dll
0x000007fef98b0000 - 0x000007fef99d5000 	C:\Windows\system32\dbghelp.dll
0x00000000770e0000 - 0x00000000771da000 	C:\Windows\system32\USER32.dll
0x000007fefdcc0000 - 0x000007fefdd27000 	C:\Windows\system32\GDI32.dll
0x000007fefdc40000 - 0x000007fefdc4e000 	C:\Windows\system32\LPK.dll
0x000007feff090000 - 0x000007feff159000 	C:\Windows\system32\USP10.dll
0x000000007bed0000 - 0x000000007c183000 	C:\Program Files\MATLAB\R2012a\bin\win64\libmwservices.dll
0x0000000075a20000 - 0x0000000075ae2000 	C:\Program Files\MATLAB\R2012a\bin\win64\libmx.dll
0x000000007a210000 - 0x000000007a228000 	C:\Program Files\MATLAB\R2012a\bin\win64\zlib1.dll
0x0000000004630000 - 0x0000000004651000 	C:\Program Files\MATLAB\R2012a\bin\win64\libmwmfl_scalar.dll
0x0000000075f10000 - 0x0000000075f5d000 	C:\Program Files\MATLAB\R2012a\bin\win64\mpath.dll
0x000000007b680000 - 0x000000007bbe1000 	C:\Program Files\MATLAB\R2012a\bin\win64\mlutil.dll
0x000000006e770000 - 0x000000006e7ef000 	C:\Program Files\MATLAB\R2012a\bin\win64\xmlcore.dll
0x000000007bc30000 - 0x000000007be83000 	C:\Program Files\MATLAB\R2012a\bin\win64\xerces-c_2_7.dll
0x000007fefdfa0000 - 0x000007fefdfed000 	C:\Windows\system32\WS2_32.dll
0x000007fefe270000 - 0x000007fefe278000 	C:\Windows\system32\NSI.dll
0x00000000046b0000 - 0x00000000046ca000 	C:\Program Files\MATLAB\R2012a\bin\win64\libmwMATLAB_settings_res.dll
0x00000000046e0000 - 0x0000000004727000 	C:\Program Files\MATLAB\R2012a\bin\win64\boost_serialization-vc90-mt-1_44.dll
0x000007fefe280000 - 0x000007feff008000 	C:\Windows\system32\SHELL32.dll
0x000007feff010000 - 0x000007feff081000 	C:\Windows\system32\SHLWAPI.dll
0x000007fef7540000 - 0x000007fef75e0000 	C:\Windows\WinSxS\amd64_microsoft.windows.common-controls_6595b64144ccf1df_5.82.7601.17514_none_a4d6a923711520a9\COMCTL32.dll
0x000007fefdb20000 - 0x000007fefdbb7000 	C:\Windows\system32\COMDLG32.dll
0x000007fefb720000 - 0x000007fefb736000 	C:\Windows\system32\NETAPI32.dll
0x000007fefcb00000 - 0x000007fefcb0c000 	C:\Windows\system32\netutils.dll
0x000007fefd0e0000 - 0x000007fefd103000 	C:\Windows\system32\srvcli.dll
0x000007fefb700000 - 0x000007fefb715000 	C:\Windows\system32\wkscli.dll
0x000007feff240000 - 0x000007feff443000 	C:\Windows\system32\ole32.dll
0x000007feff160000 - 0x000007feff237000 	C:\Windows\system32\OLEAUT32.dll
0x0000000074970000 - 0x0000000074b06000 	C:\Program Files\MATLAB\R2012a\bin\win64\mcr.dll
0x0000000075000000 - 0x000000007536b000 	C:\Program Files\MATLAB\R2012a\bin\win64\iqm.dll
0x000000006c2b0000 - 0x000000006cad1000 	C:\Program Files\MATLAB\R2012a\bin\win64\m_interpreter.dll
0x000000006e740000 - 0x000000006e765000 	C:\Program Files\MATLAB\R2012a\bin\win64\libmex.dll
0x000000006df20000 - 0x000000006dfd3000 	C:\Program Files\MATLAB\R2012a\bin\win64\m_dispatcher.dll
0x0000000074880000 - 0x000000007496d000 	C:\Program Files\MATLAB\R2012a\bin\win64\boost_regex-vc90-mt-1_44.dll
0x000000006de90000 - 0x000000006df14000 	C:\Program Files\MATLAB\R2012a\bin\win64\profiler.dll
0x00000000047b0000 - 0x0000000004a05000 	C:\Program Files\MATLAB\R2012a\bin\win64\libmwmathutil.dll
0x0000000079f40000 - 0x0000000079f6d000 	C:\Program Files\MATLAB\R2012a\bin\win64\libmwmathrng.dll
0x0000000074c10000 - 0x0000000074ced000 	C:\Program Files\MATLAB\R2012a\bin\win64\libmwmathcore.dll
0x0000000076160000 - 0x00000000761cb000 	C:\Program Files\MATLAB\R2012a\bin\win64\libmwspmatrix.dll
0x0000000075ea0000 - 0x0000000075f02000 	C:\Program Files\MATLAB\R2012a\bin\win64\libmwcholmod.dll
0x000000007a460000 - 0x000000007a46d000 	C:\Program Files\MATLAB\R2012a\bin\win64\libmwamd.dll
0x000000007a4b0000 - 0x000000007a4bc000 	C:\Program Files\MATLAB\R2012a\bin\win64\libmwcolamd.dll
0x000000006e720000 - 0x000000006e739000 	C:\Program Files\MATLAB\R2012a\bin\win64\libmwblas.dll
0x000000006e380000 - 0x000000006e392000 	C:\Program Files\MATLAB\R2012a\bin\win64\libmwbinder.dll
0x000000006e8f0000 - 0x000000006e8fb000 	C:\Program Files\MATLAB\R2012a\bin\win64\libmwompwrapper.dll
0x000000006de00000 - 0x000000006de86000 	C:\Program Files\MATLAB\R2012a\bin\win64\libmwlapack.dll
0x000000006ddd0000 - 0x000000006ddf1000 	C:\Program Files\MATLAB\R2012a\bin\win64\m_pcodeio.dll
0x0000000079b10000 - 0x0000000079b77000 	C:\Program Files\MATLAB\R2012a\bin\win64\m_ir.dll
0x000000006bc60000 - 0x000000006c2b0000 	C:\Program Files\MATLAB\R2012a\bin\win64\m_parser.dll
0x000000006ddb0000 - 0x000000006ddca000 	C:\Program Files\MATLAB\R2012a\bin\win64\ir_xfmr.dll
0x000000006db30000 - 0x000000006dda9000 	C:\Program Files\MATLAB\R2012a\bin\win64\mcos.dll
0x000000006db20000 - 0x000000006db2c000 	C:\Program Files\MATLAB\R2012a\bin\win64\mtok.dll
0x000000006dae0000 - 0x000000006db11000 	C:\Program Files\MATLAB\R2012a\bin\win64\m_pcodegen.dll
0x0000000079fb0000 - 0x0000000079fe7000 	C:\Program Files\MATLAB\R2012a\bin\win64\libmwbridge.dll
0x000000006da10000 - 0x000000006dad8000 	C:\Program Files\MATLAB\R2012a\bin\win64\udd.dll
0x000000006ccd0000 - 0x000000006ce22000 	C:\Program Files\MATLAB\R2012a\bin\win64\libmwgui.dll
0x000000006d9f0000 - 0x000000006da07000 	C:\Program Files\MATLAB\R2012a\bin\win64\graphics_util.dll
0x000000006b2b0000 - 0x000000006bc53000 	C:\Program Files\MATLAB\R2012a\bin\win64\hg.dll
0x0000000004b80000 - 0x0000000004be7000 	C:\Program Files\MATLAB\R2012a\bin\win64\libmat.dll
0x0000000004c00000 - 0x0000000004e14000 	C:\Program Files\MATLAB\R2012a\bin\win64\hdf5dll.dll
0x0000000075710000 - 0x00000000757c1000 	C:\Program Files\MATLAB\R2012a\bin\win64\jmi.dll
0x0000000004e40000 - 0x0000000004e4e000 	C:\Program Files\MATLAB\R2012a\bin\win64\nativejava_services.dll
0x000000006d9a0000 - 0x000000006d9e2000 	C:\Program Files\MATLAB\R2012a\bin\win64\libmwhardcopy.dll
0x000000006d940000 - 0x000000006d99a000 	C:\Program Files\MATLAB\R2012a\bin\win64\libuij.dll
0x000000006b0a0000 - 0x000000006b2ac000 	C:\Program Files\MATLAB\R2012a\bin\win64\hgdatatypes.dll
0x000000006afa0000 - 0x000000006b09d000 	C:\Program Files\MATLAB\R2012a\bin\win64\hgutils.dll
0x000000006ce60000 - 0x000000006cf1d000 	C:\Program Files\MATLAB\R2012a\bin\win64\udd_mi.dll
0x0000000004eb0000 - 0x0000000004eeb000 	C:\Program Files\MATLAB\R2012a\bin\win64\libmwgbtutils.dll
0x0000000004f00000 - 0x0000000004f19000 	C:\Program Files\MATLAB\R2012a\bin\win64\libmwgbt.dll
0x0000000004f30000 - 0x00000000051fa000 	C:\Program Files\MATLAB\R2012a\bin\win64\uiw.dll
0x000000006d930000 - 0x000000006d93f000 	C:\Program Files\MATLAB\R2012a\bin\win64\uinone.dll
0x000007fef8890000 - 0x000007fef88a8000 	C:\Windows\system32\MPR.dll
0x00000000723f0000 - 0x00000000728d4000 	C:\Windows\WinSxS\amd64_microsoft.vc90.mfc_1fc8b3b9a1e18e3b_9.0.30729.4148_none_04480933ab2137b1\mfc90.dll
0x000007fef8700000 - 0x000007fef8707000 	C:\Windows\system32\MSIMG32.dll
0x000007fef99e0000 - 0x000007fef9a51000 	C:\Windows\system32\WINSPOOL.DRV
0x000000006d910000 - 0x000000006d930000 	C:\Program Files\MATLAB\R2012a\bin\win64\mwoles05.DLL
0x000000006cc50000 - 0x000000006cccc000 	C:\Program Files\MATLAB\R2012a\bin\win64\comcli.dll
0x00000000712e0000 - 0x000000007130f000 	C:\Windows\WinSxS\amd64_microsoft.vc90.atl_1fc8b3b9a1e18e3b_9.0.30729.4148_none_0a1d2fcba76b3f00\ATL90.DLL
0x000000006d900000 - 0x000000006d90c000 	C:\Program Files\MATLAB\R2012a\bin\win64\mlautoregister.dll
0x0000000005250000 - 0x0000000005260000 	C:\Program Files\MATLAB\R2012a\bin\win64\boost_iostreams-vc90-mt-1_44.dll
0x000007fefdc70000 - 0x000007fefdc9e000 	C:\Windows\system32\IMM32.DLL
0x000007fefda10000 - 0x000007fefdb19000 	C:\Windows\system32\MSCTF.dll
0x000007fefc210000 - 0x000007fefc266000 	C:\Windows\system32\UxTheme.dll
0x000007fefbae0000 - 0x000007fefbaf8000 	C:\Windows\system32\dwmapi.dll
0x0000000072170000 - 0x000000007217d000 	C:\Windows\WinSxS\amd64_microsoft.vc90.mfcloc_1fc8b3b9a1e18e3b_9.0.30729.4148_none_01c6b44660ce74c3\MFC90ENU.DLL
0x00000000053c0000 - 0x00000000053e9000 	C:\Program Files\MATLAB\R2012a\bin\win64\tbbmalloc.dll
0x000007fefd640000 - 0x000007fefd64f000 	C:\Windows\system32\profapi.dll
0x000007fef3780000 - 0x000007fef378f000 	C:\Program Files\MATLAB\R2012a\bin\win64\xmlxrcsc.dll
0x000007fefd530000 - 0x000007fefd53f000 	C:\Windows\system32\CRYPTBASE.dll
0x000007fefc270000 - 0x000007fefc464000 	C:\Windows\WinSxS\amd64_microsoft.windows.common-controls_6595b64144ccf1df_6.0.7601.17514_none_fa396087175ac9ac\comctl32.dll
0x000007fefd4d0000 - 0x000007fefd527000 	C:\Windows\system32\apphelp.dll
0x000007fefdff0000 - 0x000007fefe089000 	C:\Windows\system32\CLBCatQ.DLL
0x000007fefbb30000 - 0x000007fefbc5c000 	C:\Windows\system32\PROPSYS.dll
0x000000006d250000 - 0x000000006d262000 	C:\Windows\system32\snacnp.dll
0x000007fef4720000 - 0x000007fef4743000 	C:\Windows\System32\prl_np.dll
0x000007fef4710000 - 0x000007fef471a000 	C:\Windows\System32\drprov.dll
0x000007fefd5e0000 - 0x000007fefd61d000 	C:\Windows\System32\WINSTA.dll
0x000007fef46e0000 - 0x000007fef4702000 	C:\Windows\System32\ntlanman.dll
0x000007fef46c0000 - 0x000007fef46dc000 	C:\Windows\System32\davclnt.dll
0x000007fef46b0000 - 0x000007fef46ba000 	C:\Windows\System32\DAVHLPR.dll
0x0000000078870000 - 0x0000000078ecd000 	C:\Program Files\MATLAB\R2012a\sys\java\jre\win64\jre\bin\server\jvm.dll

VM Arguments:
jvm_args: -Xss512k -XX:PermSize=32m -Xms64m -XX:NewRatio=3 -XX:MaxPermSize=128m -Xmx196m -XX:MaxDirectMemorySize=2147400000 -Dsun.java2d.noddraw=true -Dsun.awt.nopixfmt=true -Xshare:off -Xrs -Dsun.awt.disableMixing=true -Djava.library.path=C:\NeticaJ_API\NeticaJ_504\bin\x64_bin;C:\Program Files\MATLAB\R2012a\bin\win64 vfprintf abort 
java_command: <unknown>
Launcher Type: generic

Environment Variables:
PATH=C:\Program Files (x86)\Parallels\Parallels Tools\Applications;C:\python27;C:\Program Files (x86)\Intel\Composer XE 2011 SP1\redist\intel64\mkl;C:\Program Files (x86)\Intel\Composer XE 2011 SP1\redist\ia32\mkl;C:\Program Files (x86)\Common Files\Intel\Shared Libraries\redist\intel64\mpirt;C:\Program Files (x86)\Common Files\Intel\Shared Libraries\redist\intel64\compiler;C:\Program Files (x86)\Common Files\Intel\Shared Libraries\redist\ia32\mpirt;C:\Program Files (x86)\Common Files\Intel\Shared Libraries\redist\ia32\compiler;C:\Windows\system32;C:\Windows;C:\Windows\System32\Wbem;C:\Windows\System32\WindowsPowerShell\v1.0;C:\ArcGIS\arcexe10x\bin;ArcToolbox\Scripts_egis\metadata;C:\ArcGIS\gbin;C:\GWV6\;C:\GWV6\gdal\bin;C:\NeticaJ_API\NeticaJ_504\bin\x64_bin;C:\Program Files\MATLAB\R2012a\bin;C:\Python27;C:\Python27\Scripts
USERNAME=mnfienen
OS=Windows_NT
PROCESSOR_IDENTIFIER=Intel64 Family 6 Model 58 Stepping 9, GenuineIntel



---------------  S Y S T E M  ---------------

OS: Windows 7 Build 7601 Service Pack 1

CPU:total 1 (1 cores per cpu, 1 threads per core) family 6 model 58 stepping 9, cmov, cx8, fxsr, mmx, sse, sse2, sse3, ssse3, sse4.1, sse4.2

Memory: 4k page, physical 4193848k(2717320k free), swap 7858056k(6353644k free)

vm_info: Java HotSpot(TM) 64-Bit Server VM (14.3-b01) for windows-amd64 JRE (1.6.0_17-b04), built on Oct 11 2009 00:46:08 by "java_re" with MS VC++ 8.0

time: Thu Nov 15 13:48:57 2012
elapsed time: 333 seconds

